Arguments: 
  C:\Program Files\nodejs\node.exe C:\Program Files (x86)\Yarn\bin\yarn.js add three-dat.gui

PATH: 
  C:\Program Files\Git\mingw64\bin;C:\Program Files\Git\usr\bin;C:\Users\ogoro\bin;C:\Program Files\Python38\Scripts;C:\Program Files\Python38;C:\WINDOWS\system32;C:\WINDOWS;C:\WINDOWS\System32\Wbem;C:\WINDOWS\System32\WindowsPowerShell\v1.0;C:\WINDOWS\System32\OpenSSH;C:\Program Files\nodejs;C:\Program Files (x86)\Yarn\bin;C:\Program Files\Git\cmd;C:\Program Files\Intel\TXE Components\DAL;C:\Program Files (x86)\Intel\TXE Components\DAL;C:\Users\ogoro\AppData\Local\Microsoft\WindowsApps;C:\Users\ogoro\AppData\Local\Programs\Microsoft VS Code\bin;C:\Users\ogoro\AppData\Roaming\npm;C:\Users\ogoro\AppData\Local\Yarn\bin;C:\Program Files\JetBrains\PyCharm Edu 2021.1.2\bin

Yarn version: 
  1.22.5

Node version: 
  14.17.3

Platform: 
  win32 x64

Trace: 
  Error: EPERM: operation not permitted, copyfile 'C:\Users\ogoro\AppData\Local\Yarn\Cache\v6\npm-webpack-5.42.1-3347d0d93e79fe70bf62e51981024c80b9c8c3df-integrity\node_modules\webpack\hot\emitter.js' -> 'C:\Users\ogoro\Desktop\three.js\threejs-webpack-starter\node_modules\webpack\hot\emitter.js'

npm manifest: 
  {
    "repository": "#",
    "license": "UNLICENSED",
    "scripts": {
      "build": "webpack --config ./bundler/webpack.prod.js",
      "dev": "webpack serve --config ./bundler/webpack.dev.js"
    },
    "dependencies": {
      "@babel/core": "^7.13.1",
      "@babel/preset-env": "^7.13.5",
      "@types/dat.gui": "^0.7.6",
      "babel-loader": "^8.2.2",
      "clean-webpack-plugin": "^3.0.0",
      "copy-webpack-plugin": "^7.0.0",
      "css-loader": "^5.1.0",
      "dat.gui": "^0.7.7",
      "file-loader": "^6.2.0",
      "html-loader": "^2.1.1",
      "html-webpack-plugin": "^5.2.0",
      "mini-css-extract-plugin": "^1.3.9",
      "portfinder-sync": "0.0.2",
      "raw-loader": "^4.0.2",
      "style-loader": "^2.0.0",
      "three": "^0.126.0",
      "webpack": "^5.24.2",
      "webpack-cli": "^4.5.0",
      "webpack-dev-server": "^3.11.2",
      "webpack-merge": "^5.7.3"
    }
  }

yarn manifest: 
  No manifest

Lockfile: 
  No lockfile
